2025-11-15 18:21:18,086 | ERROR    | test_scraper:33 | test_basic_logging
这是一条错误信息 - 发生了错误但可以继续

2025-11-15 18:21:18,086 | CRITICAL | test_scraper:34 | test_basic_logging
这是一条严重错误 - 系统可能无法继续

2025-11-15 18:21:18,086 | ERROR    | test_scraper:52 | test_exception_logging
捕获到除零异常，包含完整堆栈信息
Traceback (most recent call last):
  File "/Users/town/Project/hb_scraper/tests/test_logging.py", line 50, in test_exception_logging
    result = 10 / 0
             ~~~^~~
ZeroDivisionError: division by zero
2025-11-15 18:21:18,087 | ERROR    | test_scraper:59 | test_exception_logging
键不存在: 'missing_key'
Traceback (most recent call last):
  File "/Users/town/Project/hb_scraper/tests/test_logging.py", line 57, in test_exception_logging
    value = data['missing_key']
            ~~~~^^^^^^^^^^^^^^^
KeyError: 'missing_key'
